2025-06-28 10:48:24,679 - INFO - ============================================================
2025-06-28 10:48:24,679 - INFO - BAHI-KHATA Application Starting
2025-06-28 10:48:24,679 - INFO - ============================================================
2025-06-28 10:48:24,679 - INFO - Python version: 3.9.6 (tags/v3.9.6:db3ff76, Jun 28 2021, 15:26:21) [MSC v.1929 64 bit (AMD64)]
2025-06-28 10:48:24,679 - INFO - Working directory: E:\bahikhata\Ledger_manager
2025-06-28 10:48:24,679 - INFO - Script path: E:\bahikhata\Ledger_manager\frontend\app.py
2025-06-28 10:48:24,679 - INFO - Python path: ['E:\\bahikhata\\Ledger_manager', 'E:\\bahikhata\\Ledger_manager', 'E:\\bahikhata\\Ledger_manager\\frontend', 'C:\\Program Files\\Python39\\python39.zip', 'C:\\Program Files\\Python39\\DLLs', 'C:\\Program Files\\Python39\\lib', 'C:\\Program Files\\Python39', 'C:\\Users\\emejo\\AppData\\Roaming\\Python\\Python39\\site-packages', 'C:\\Program Files\\Python39\\lib\\site-packages', 'E:\\bahikhata\\Ledger_manager', 'E:\\bahikhata\\Ledger_manager', 'E:\\bahikhata\\Ledger_manager', 'E:\\bahikhata\\Ledger_manager', 'E:\\bahikhata\\Ledger_manager', 'E:\\bahikhata\\Ledger_manager', 'E:\\bahikhata\\Ledger_manager', 'E:\\bahikhata\\Ledger_manager', 'E:\\bahikhata\\Ledger_manager', 'E:\\bahikhata\\Ledger_manager', 'E:\\bahikhata\\Ledger_manager', 'E:\\bahikhata\\Ledger_manager']
2025-06-28 10:48:24,679 - INFO - ------------------------------------------------------------
2025-06-28 10:48:24,679 - INFO - Testing critical imports...
2025-06-28 10:48:24,679 - INFO - ✓ tkinter imported successfully
2025-06-28 10:48:24,679 - INFO - ✓ PIL/Pillow imported successfully
2025-06-28 10:48:24,679 - INFO - ✓ mysql.connector imported successfully
2025-06-28 10:48:24,679 - INFO - ✓ All critical imports successful
2025-06-28 10:48:24,679 - INFO - ------------------------------------------------------------
2025-06-28 10:48:24,679 - INFO - Creating Tkinter root window...
2025-06-28 10:48:24,788 - INFO - ✓ Tkinter root window created successfully
2025-06-28 10:48:24,788 - INFO - Configuring main window...
2025-06-28 10:48:24,788 - INFO - ✓ Main window configured and hidden
2025-06-28 10:48:24,788 - INFO - Attempting to show login dialog...
2025-06-28 10:48:38,235 - INFO - package: mysql.connector.plugins
2025-06-28 10:48:38,235 - INFO - plugin_name: caching_sha2_password
2025-06-28 10:48:38,235 - INFO - AUTHENTICATION_PLUGIN_CLASS: MySQLCachingSHA2PasswordAuthPlugin
2025-06-28 10:48:38,313 - INFO - ✓ Login successful for user: admin (Role: admin)
2025-06-28 10:48:38,355 - INFO - Creating BookkeepingApp instance...
2025-06-28 10:48:38,605 - INFO - ✓ BookkeepingApp instance created successfully
2025-06-28 10:48:38,605 - INFO - Starting main application loop...
